Started a background process to SQLite DB with pid: 546444
[INFO] Logger is setup correctly
[INFO] Start fields types identification: ['itime', 'date', 'time', 'id', 'action', 'srcip', 'dstip', 'service', 'sentbyte', 'rcvdbyte', 'user', 'app', 'utmaction', 'dtime', 'subtype', 'level', 'dstport', 'proto', 'policyid', 'group', 'msg', 'srcintf', 'dstintf', 'sessionid', 'crlevel', 'craction', 'trandisp', 'duration', 'policytype', 'sslaction', 'wanin', 'wanout', 'lanin', 'lanout', 'appcat', 'transip', 'transport', 'dstcountry', 'appid', 'srccountry', 'poluuid', 'apprisk', 'countapp', 'agent', 'policyname', 'hostname', 'url', 'scheme', 'reqlength', 'resplength', 'resptype', 'reqtime', 'resptime', 'respfinishtime', 'authserver']
[INFO] Identified primary key: id
[INFO] FAZsqlite initialized successfully ...
{
  "itime": "TIMESTAMP",
  "date": "TIMESTAMP",
  "time": "TEXT",
  "id": "INTEGER",
  "action": "TEXT",
  "srcip": "VARCHAR_IP",
  "dstip": "VARCHAR_IP",
  "service": "TEXT",
  "sentbyte": "INTEGER",
  "rcvdbyte": "INTEGER",
  "user": "TEXT",
  "app": "TEXT",
  "utmaction": "TEXT",
  "dtime": "TIMESTAMP",
  "subtype": "TEXT",
  "level": "TEXT",
  "dstport": "INTEGER",
  "proto": "INTEGER",
  "policyid": "INTEGER",
  "group": "TEXT",
  "msg": "TEXT",
  "srcintf": "TEXT",
  "dstintf": "TEXT",
  "sessionid": "INTEGER",
  "crlevel": "TEXT",
  "craction": "INTEGER",
  "trandisp": "TEXT",
  "duration": "INTEGER",
  "policytype": "TEXT",
  "sslaction": "TEXT",
  "wanin": "INTEGER",
  "wanout": "INTEGER",
  "lanin": "INTEGER",
  "lanout": "INTEGER",
  "appcat": "TEXT",
  "transip": "VARCHAR_IP",
  "transport": "INTEGER",
  "dstcountry": "TEXT",
  "appid": "INTEGER",
  "srccountry": "TEXT",
  "poluuid": "TEXT",
  "apprisk": "TEXT",
  "countapp": "INTEGER",
  "agent": "TEXT",
  "policyname": "TEXT",
  "hostname": "VARCHAR_IP",
  "url": "TEXT",
  "scheme": "TEXT",
  "reqlength": "INTEGER",
  "resplength": "INTEGER",
  "resptype": "TEXT",
  "reqtime": "INTEGER",
  "resptime": "INTEGER",
  "respfinishtime": "INTEGER",
  "authserver": "TEXT"
}
